0 info it worked if it ends with ok
1 verbose cli [ '/Users/Thomas/.nvm/versions/node/v6.3.0/bin/node',
1 verbose cli   '/Users/Thomas/.nvm/versions/node/v6.3.0/bin/npm',
1 verbose cli   'run',
1 verbose cli   'start-dev' ]
2 info using npm@3.10.3
3 info using node@v6.3.0
4 verbose run-script [ 'prestart-dev', 'start-dev', 'poststart-dev' ]
5 info lifecycle react-starter@0.0.0~prestart-dev: react-starter@0.0.0
6 silly lifecycle react-starter@0.0.0~prestart-dev: no script for prestart-dev, continuing
7 info lifecycle react-starter@0.0.0~start-dev: react-starter@0.0.0
8 verbose lifecycle react-starter@0.0.0~start-dev: unsafe-perm in lifecycle true
9 verbose lifecycle react-starter@0.0.0~start-dev: PATH: /Users/Thomas/.nvm/versions/node/v6.3.0/lib/node_modules/npm/bin/node-gyp-bin:/Users/Thomas/Sites/react-start/node_modules/.bin:/Users/Thomas/.nvm/versions/node/v6.3.0/bin:/usr/local/sbin:/Users/Thomas/google-cloud-sdk/bin:/Users/Thomas/.nvm/versions/node/v6.3.0/bin:/usr/local/bin:/Users/Thomas/.rbenv/bin:/Users/Thomas/.rbenv/shims:/usr/local/bin:/usr/bin:/bin:/usr/sbin:/sbin:/usr/local/git/bin:/usr/local/go/bin:/Users/Thomas/.rvm/bin:/Development/android-sdk-macosx/platform-tools:/Development/android-sdk-macosx/tools:/Users/Thomas/android-sdks/tools:/Users/Thomas/android-sdks/platform-toolsPATH=/opt/local/bin:/usr/local/bin:/Users/Thomas/.rbenv/bin:/Users/Thomas/.rbenv/shims:/usr/local/bin:/usr/bin:/bin:/usr/sbin:/sbin:/usr/local/git/bin:/usr/local/go/bin:/Users/Thomas/.rvm/bin:/Development/android-sdk-macosx/platform-tools:/Development/android-sdk-macosx/tools:/Users/Thomas/.yarn/bin
10 verbose lifecycle react-starter@0.0.0~start-dev: CWD: /Users/Thomas/Sites/react-start
11 silly lifecycle react-starter@0.0.0~start-dev: Args: [ '-c', 'npm-run-all --parallel start-dev-server prepare-dev' ]
12 silly lifecycle react-starter@0.0.0~start-dev: Returned: code: 1  signal: null
13 info lifecycle react-starter@0.0.0~start-dev: Failed to exec start-dev script
14 verbose stack Error: react-starter@0.0.0 start-dev: `npm-run-all --parallel start-dev-server prepare-dev`
14 verbose stack Exit status 1
14 verbose stack     at EventEmitter.<anonymous> (/Users/Thomas/.nvm/versions/node/v6.3.0/lib/node_modules/npm/lib/utils/lifecycle.js:242:16)
14 verbose stack     at emitTwo (events.js:106:13)
14 verbose stack     at EventEmitter.emit (events.js:191:7)
14 verbose stack     at ChildProcess.<anonymous> (/Users/Thomas/.nvm/versions/node/v6.3.0/lib/node_modules/npm/lib/utils/spawn.js:40:14)
14 verbose stack     at emitTwo (events.js:106:13)
14 verbose stack     at ChildProcess.emit (events.js:191:7)
14 verbose stack     at maybeClose (internal/child_process.js:852:16)
14 verbose stack     at Process.ChildProcess._handle.onexit (internal/child_process.js:215:5)
15 verbose pkgid react-starter@0.0.0
16 verbose cwd /Users/Thomas/Sites/react-start
17 error Darwin 16.1.0
18 error argv "/Users/Thomas/.nvm/versions/node/v6.3.0/bin/node" "/Users/Thomas/.nvm/versions/node/v6.3.0/bin/npm" "run" "start-dev"
19 error node v6.3.0
20 error npm  v3.10.3
21 error code ELIFECYCLE
22 error react-starter@0.0.0 start-dev: `npm-run-all --parallel start-dev-server prepare-dev`
22 error Exit status 1
23 error Failed at the react-starter@0.0.0 start-dev script 'npm-run-all --parallel start-dev-server prepare-dev'.
23 error Make sure you have the latest version of node.js and npm installed.
23 error If you do, this is most likely a problem with the react-starter package,
23 error not with npm itself.
23 error Tell the author that this fails on your system:
23 error     npm-run-all --parallel start-dev-server prepare-dev
23 error You can get information on how to open an issue for this project with:
23 error     npm bugs react-starter
23 error Or if that isn't available, you can get their info via:
23 error     npm owner ls react-starter
23 error There is likely additional logging output above.
24 verbose exit [ 1, true ]
